%!Adobe-FontList 1.04

%BeginFont
Handler:DirectoryHandler
FontType:Invalid
OutlineFileName:\HESLI___.AFM
%EndFont

%BeginFont
Handler:DirectoryHandler
FontType:Type1
FontName:HE-engrave
FamilyName:HE-engrave
StyleName:Regular
FullName:HE-engrave
WritingScript:Roman
OutlineFileName:\HESLI___.PFB
DataFormat:Plain
UsesStandardEncoding:yes
isCFF:no
FileLength:23286
WeightClass:400
WidthClass:5
AngleClass:0
%EndFont

%BeginFont
Handler:DirectoryHandler
FontType:PFM
FontName:HE-engrave
NumMMAxes:0
OutlineFileName:\HESLI___.PFM
FileLength:4866
%EndFont

