%!Adobe-FontList 1.04

%BeginFont
Handler:DirectoryHandler
FontType:Invalid
OutlineFileName:\FUSLI___.AFM
%EndFont

%BeginFont
Handler:DirectoryHandler
FontType:Type1
FontName:FU-engrave
FamilyName:FU-engrave
StyleName:Regular
FullName:FU-engrave
WritingScript:Roman
OutlineFileName:\FUSLI___.PFB
DataFormat:Plain
UsesStandardEncoding:yes
isCFF:no
FileLength:23576
WeightClass:400
WidthClass:5
AngleClass:0
%EndFont

%BeginFont
Handler:DirectoryHandler
FontType:PFM
FontName:FU-engrave
NumMMAxes:0
OutlineFileName:\FUSLI___.PFM
FileLength:4690
%EndFont

